<?xml version="1.0" encoding="UTF-8"?>
<testng-results ignored="0" total="2" passed="1" failed="1" skipped="0">
  <reporter-output>
  </reporter-output>
  <suite started-at="2020-02-12T07:41:04 IST" name="Default suite" finished-at="2020-02-12T07:41:20 IST" duration-ms="15966">
    <groups>
    </groups>
    <test started-at="2020-02-12T07:41:04 IST" name="Default test" finished-at="2020-02-12T07:41:20 IST" duration-ms="15966">
      <class name="packageone.Course_Schedule">
        <test-method is-config="true" signature="Navigate()[pri:0, instance:packageone.Course_Schedule@7cf6a5f9]" started-at="2020-02-12T07:41:04 IST" name="Navigate" finished-at="2020-02-12T07:41:09 IST" duration-ms="4302" status="PASS">
          <reporter-output>
          </reporter-output>
        </test-method> <!-- Navigate -->
        <test-method signature="Student_Enrollement()[pri:0, instance:packageone.Course_Schedule@7cf6a5f9]" started-at="2020-02-12T07:41:09 IST" name="Student_Enrollement" finished-at="2020-02-12T07:41:09 IST" duration-ms="41" status="FAIL">
          <exception class="java.lang.IllegalArgumentException">
            <message>
              <![CDATA[Keys to send should be a not null CharSequence]]>
            </message>
            <full-stacktrace>
              <![CDATA[java.lang.IllegalArgumentException: Keys to send should be a not null CharSequence
at org.openqa.selenium.remote.RemoteWebElement.sendKeys(RemoteWebElement.java:97)
at packageone.Course_Schedule.Student_Enrollement(Course_Schedule.java:58)
at java.base/jdk.internal.reflect.NativeMethodAccessorImpl.invoke0(Native Method)
at java.base/jdk.internal.reflect.NativeMethodAccessorImpl.invoke(NativeMethodAccessorImpl.java:62)
at java.base/jdk.internal.reflect.DelegatingMethodAccessorImpl.invoke(DelegatingMethodAccessorImpl.java:43)
at java.base/java.lang.reflect.Method.invoke(Method.java:567)
at org.testng.internal.MethodInvocationHelper.invokeMethod(MethodInvocationHelper.java:133)
at org.testng.internal.TestInvoker.invokeMethod(TestInvoker.java:584)
at org.testng.internal.TestInvoker.invokeTestMethod(TestInvoker.java:172)
at org.testng.internal.MethodRunner.runInSequence(MethodRunner.java:46)
at org.testng.internal.TestInvoker$MethodInvocationAgent.invoke(TestInvoker.java:804)
at org.testng.internal.TestInvoker.invokeTestMethods(TestInvoker.java:145)
at org.testng.internal.TestMethodWorker.invokeTestMethods(TestMethodWorker.java:146)
at org.testng.internal.TestMethodWorker.run(TestMethodWorker.java:128)
at java.base/java.util.ArrayList.forEach(ArrayList.java:1507)
at org.testng.TestRunner.privateRun(TestRunner.java:770)
at org.testng.TestRunner.run(TestRunner.java:591)
at org.testng.SuiteRunner.runTest(SuiteRunner.java:402)
at org.testng.SuiteRunner.runSequentially(SuiteRunner.java:396)
at org.testng.SuiteRunner.privateRun(SuiteRunner.java:355)
at org.testng.SuiteRunner.run(SuiteRunner.java:304)
at org.testng.SuiteRunnerWorker.runSuite(SuiteRunnerWorker.java:53)
at org.testng.SuiteRunnerWorker.run(SuiteRunnerWorker.java:96)
at org.testng.TestNG.runSuitesSequentially(TestNG.java:1180)
at org.testng.TestNG.runSuitesLocally(TestNG.java:1102)
at org.testng.TestNG.runSuites(TestNG.java:1032)
at org.testng.TestNG.run(TestNG.java:1000)
at org.testng.remote.AbstractRemoteTestNG.run(AbstractRemoteTestNG.java:115)
at org.testng.remote.RemoteTestNG.initAndRun(RemoteTestNG.java:251)
at org.testng.remote.RemoteTestNG.main(RemoteTestNG.java:77)
]]>
            </full-stacktrace>
          </exception> <!-- java.lang.IllegalArgumentException -->
          <reporter-output>
          </reporter-output>
        </test-method> <!-- Student_Enrollement -->
        <test-method signature="WebTable()[pri:0, instance:packageone.Course_Schedule@7cf6a5f9]" started-at="2020-02-12T07:41:09 IST" name="WebTable" finished-at="2020-02-12T07:41:19 IST" duration-ms="10034" status="PASS">
          <reporter-output>
          </reporter-output>
        </test-method> <!-- WebTable -->
        <test-method is-config="true" signature="Close_WebPage()[pri:0, instance:packageone.Course_Schedule@7cf6a5f9]" started-at="2020-02-12T07:41:19 IST" name="Close_WebPage" finished-at="2020-02-12T07:41:20 IST" duration-ms="1530" status="PASS">
          <reporter-output>
          </reporter-output>
        </test-method> <!-- Close_WebPage -->
      </class> <!-- packageone.Course_Schedule -->
    </test> <!-- Default test -->
  </suite> <!-- Default suite -->
</testng-results>
